2025-03-10 15:37:59,493 - INFO - 开始采集 2008 年至今的财务指标数据...
2025-03-10 15:37:59,493 - ERROR - 程序运行出错: Textual SQL expression 'SELECT code FROM stock_in...' should be explicitly declared as text('SELECT code FROM stock_in...')
2025-03-10 15:37:59,493 - INFO - 程序运行完成
2025-03-10 15:39:49,248 - INFO - 开始采集 2008 年至今的财务指标数据...
2025-03-10 15:39:52,586 - INFO - 正在处理股票 002162 (1/5386)
2025-03-10 15:40:14,792 - ERROR - 数据保存失败: Unconsumed column names: 资产负债率(%), 1-2年以内预付货款(元), 销售毛利率(%), 现金比率(%), 净资产收益率(%), 1年以内预付货款(元), 净资产增长率(%), 主营利润比重, 固定资产比重(%), 投资收益率(%), 主营业务利润(元), 股东权益周转率(次), 股东权益与固定资产比率(%), 经营现金净流量与净利润的比率(%), 存货周转率(次), 3年以内其它应收款(元), 2-3年以内应收帐款(元), 调整后的每股净资产(元), 资本化比率(%), 3年以内应收帐款(元), 经营现金净流量对负债比率(%), 经营现金净流量对销售收入比率(%), 股本报酬率(%), 每股未分配利润(元), 长期股票投资(元), 现金流量比率(%), 每股净资产_调整前(元), 负债与所有者权益比率(%), 存货周转天数(天), 清算价值比率(%), 短期股票投资(元), 主营业务成本率(%), 总资产周转率(次), 股息发放率(%), 每股经营性现金流(元), 应收账款周转天数(天), 每股资本公积金(元), 固定资产周转率(次), 资产的经营现金流量回报率(%), 1-2年以内应收帐款(元), 短期债券投资(元), 流动资产周转率(次), 总资产净利润率(%), 营业利润率(%), 长期负债比率(%), 主营业务利润率(%), 总资产增长率(%), 股东权益比率(%), 成本费用利润率(%), 速动比率, 资本固定化比率(%), 长期资产与长期资金比率(%), 2-3年以内预付货款(元), 1年以内应收帐款(元), 三项费用比重, 净资产报酬率(%), 扣除非经常性损益后的净利润(元), 3年以内预付货款(元), 非主营比重, 长期其它经营性投资(元), 利息支付倍数, 产权比率(%), 1年以内其它应收款(元), 资产报酬率(%), 加权净资产收益率(%), 流动比率, 扣除非经常性损益后的每股收益(元), 销售净利率(%), 每股净资产_调整后(元), 主营业务收入增长率(%), 应收账款周转率(次), 长期债券投资(元), 短期其它经营性投资(元), 长期债务与营运资金比率(%), 净利润增长率(%), 总资产(元), 2-3年以内其它应收款(元), 1-2年以内其它应收款(元), 固定资产净值率(%), 总资产周转天数(天), 流动资产周转天数(天), 总资产利润率(%)
2025-03-10 15:40:14,792 - ERROR - 处理股票 002162 失败: Unconsumed column names: 资产负债率(%), 1-2年以内预付货款(元), 销售毛利率(%), 现金比率(%), 净资产收益率(%), 1年以内预付货款(元), 净资产增长率(%), 主营利润比重, 固定资产比重(%), 投资收益率(%), 主营业务利润(元), 股东权益周转率(次), 股东权益与固定资产比率(%), 经营现金净流量与净利润的比率(%), 存货周转率(次), 3年以内其它应收款(元), 2-3年以内应收帐款(元), 调整后的每股净资产(元), 资本化比率(%), 3年以内应收帐款(元), 经营现金净流量对负债比率(%), 经营现金净流量对销售收入比率(%), 股本报酬率(%), 每股未分配利润(元), 长期股票投资(元), 现金流量比率(%), 每股净资产_调整前(元), 负债与所有者权益比率(%), 存货周转天数(天), 清算价值比率(%), 短期股票投资(元), 主营业务成本率(%), 总资产周转率(次), 股息发放率(%), 每股经营性现金流(元), 应收账款周转天数(天), 每股资本公积金(元), 固定资产周转率(次), 资产的经营现金流量回报率(%), 1-2年以内应收帐款(元), 短期债券投资(元), 流动资产周转率(次), 总资产净利润率(%), 营业利润率(%), 长期负债比率(%), 主营业务利润率(%), 总资产增长率(%), 股东权益比率(%), 成本费用利润率(%), 速动比率, 资本固定化比率(%), 长期资产与长期资金比率(%), 2-3年以内预付货款(元), 1年以内应收帐款(元), 三项费用比重, 净资产报酬率(%), 扣除非经常性损益后的净利润(元), 3年以内预付货款(元), 非主营比重, 长期其它经营性投资(元), 利息支付倍数, 产权比率(%), 1年以内其它应收款(元), 资产报酬率(%), 加权净资产收益率(%), 流动比率, 扣除非经常性损益后的每股收益(元), 销售净利率(%), 每股净资产_调整后(元), 主营业务收入增长率(%), 应收账款周转率(次), 长期债券投资(元), 短期其它经营性投资(元), 长期债务与营运资金比率(%), 净利润增长率(%), 总资产(元), 2-3年以内其它应收款(元), 1-2年以内其它应收款(元), 固定资产净值率(%), 总资产周转天数(天), 流动资产周转天数(天), 总资产利润率(%)
2025-03-10 15:40:14,792 - INFO - 正在处理股票 002163 (2/5386)
2025-03-10 15:40:24,504 - INFO - 程序被用户中断
2025-03-10 15:40:24,506 - INFO - 程序运行完成
2025-03-10 15:50:23,111 - INFO - 开始采集 2008 年至今的财务指标数据...
2025-03-10 15:50:26,497 - INFO - 正在处理股票 002162 (1/5386)
2025-03-10 15:50:45,951 - ERROR - 数据保存失败: free variable 'stmt' referenced before assignment in enclosing scope
2025-03-10 15:50:45,951 - ERROR - 处理股票 002162 失败: free variable 'stmt' referenced before assignment in enclosing scope
2025-03-10 15:50:45,951 - INFO - 正在处理股票 002163 (2/5386)
2025-03-10 15:50:52,430 - INFO - 程序被用户中断
2025-03-10 15:50:52,431 - INFO - 程序运行完成
2025-03-10 15:51:36,538 - INFO - 开始采集 2008 年至今的财务指标数据...
2025-03-10 15:51:39,739 - INFO - 正在处理股票 002162 (1/5386)
2025-03-10 15:51:59,302 - ERROR - 数据保存失败: free variable 'stmt' referenced before assignment in enclosing scope
2025-03-10 15:51:59,302 - ERROR - 处理股票 002162 失败: free variable 'stmt' referenced before assignment in enclosing scope
2025-03-10 15:51:59,302 - INFO - 正在处理股票 002163 (2/5386)
2025-03-10 15:52:18,366 - ERROR - 数据保存失败: free variable 'stmt' referenced before assignment in enclosing scope
2025-03-10 15:52:18,366 - ERROR - 处理股票 002163 失败: free variable 'stmt' referenced before assignment in enclosing scope
2025-03-10 15:52:18,367 - INFO - 正在处理股票 002164 (3/5386)
2025-03-10 15:52:43,967 - ERROR - 数据保存失败: free variable 'stmt' referenced before assignment in enclosing scope
2025-03-10 15:52:43,967 - ERROR - 处理股票 002164 失败: free variable 'stmt' referenced before assignment in enclosing scope
2025-03-10 15:52:43,967 - INFO - 正在处理股票 002165 (4/5386)
2025-03-10 15:53:03,646 - ERROR - 数据保存失败: free variable 'stmt' referenced before assignment in enclosing scope
2025-03-10 15:53:03,646 - ERROR - 处理股票 002165 失败: free variable 'stmt' referenced before assignment in enclosing scope
2025-03-10 15:53:03,646 - INFO - 正在处理股票 002166 (5/5386)
2025-03-10 15:53:23,027 - ERROR - 数据保存失败: free variable 'stmt' referenced before assignment in enclosing scope
2025-03-10 15:53:23,027 - ERROR - 处理股票 002166 失败: free variable 'stmt' referenced before assignment in enclosing scope
2025-03-10 15:53:23,027 - INFO - 正在处理股票 002167 (6/5386)
2025-03-10 15:53:42,683 - ERROR - 数据保存失败: free variable 'stmt' referenced before assignment in enclosing scope
2025-03-10 15:53:42,683 - ERROR - 处理股票 002167 失败: free variable 'stmt' referenced before assignment in enclosing scope
2025-03-10 15:53:42,683 - INFO - 正在处理股票 002168 (7/5386)
2025-03-10 15:54:02,207 - ERROR - 数据保存失败: free variable 'stmt' referenced before assignment in enclosing scope
2025-03-10 15:54:02,207 - ERROR - 处理股票 002168 失败: free variable 'stmt' referenced before assignment in enclosing scope
2025-03-10 15:54:02,207 - INFO - 正在处理股票 002169 (8/5386)
2025-03-10 15:54:11,859 - INFO - 程序被用户中断
2025-03-10 15:54:11,860 - INFO - 程序运行完成
2025-03-10 16:06:03,623 - INFO - 开始采集 2008 年至今的财务指标数据...
2025-03-10 16:06:06,974 - INFO - 正在处理股票 002162 (1/5386)
2025-03-10 16:06:28,301 - ERROR - 数据保存失败: free variable 'stmt' referenced before assignment in enclosing scope
2025-03-10 16:06:28,301 - ERROR - 处理股票 002162 失败: free variable 'stmt' referenced before assignment in enclosing scope
2025-03-10 16:06:28,301 - INFO - 正在处理股票 002163 (2/5386)
2025-03-10 16:06:37,934 - INFO - 程序被用户中断
2025-03-10 16:06:37,935 - INFO - 程序运行完成
2025-03-10 16:07:28,593 - INFO - 开始采集 2008 年至今的财务指标数据...
2025-03-10 16:07:31,826 - INFO - 正在处理股票 002162 (1/5386)
2025-03-10 16:07:53,940 - INFO - 成功保存 68 条记录
2025-03-10 16:07:53,940 - INFO - 成功保存 002162 的数据，共 68 条记录
2025-03-10 16:07:53,940 - INFO - 正在处理股票 002163 (2/5386)
2025-03-10 16:08:16,420 - INFO - 成功保存 67 条记录
2025-03-10 16:08:16,420 - INFO - 成功保存 002163 的数据，共 67 条记录
2025-03-10 16:08:16,421 - INFO - 正在处理股票 002164 (3/5386)
2025-03-10 16:08:21,848 - INFO - 程序被用户中断
2025-03-10 16:08:21,849 - INFO - 程序运行完成
2025-03-10 16:23:58,875 - INFO - 开始采集 2008 年至今的财务指标数据...
2025-03-10 16:24:03,030 - INFO - 正在处理股票 002162 (1/5386)
2025-03-10 16:24:21,149 - INFO - 成功保存 68 条记录
2025-03-10 16:24:21,149 - INFO - 成功保存 002162 的数据，共 68 条记录
2025-03-10 16:24:21,149 - INFO - 正在处理股票 002163 (2/5386)
2025-03-10 16:24:24,858 - INFO - 程序被用户中断
2025-03-10 16:24:24,859 - INFO - 程序运行完成
