2025-02-13 09:00:34,402 - INFO - 开始获取 20100331 的数据
2025-02-13 09:00:35,266 - WARNING - 列 eps 数值转换警告: Can only use .str accessor with string values!
2025-02-13 09:00:35,266 - WARNING - 列 revenue 数值转换警告: Can only use .str accessor with string values!
2025-02-13 09:00:35,267 - WARNING - 列 revenue_last_year 数值转换警告: Can only use .str accessor with string values!
2025-02-13 09:00:35,267 - WARNING - 列 revenue_yoy_change 数值转换警告: Can only use .str accessor with string values!
2025-02-13 09:00:35,267 - WARNING - 列 revenue_qoq_change 数值转换警告: Can only use .str accessor with string values!
2025-02-13 09:00:35,268 - WARNING - 列 net_profit 数值转换警告: Can only use .str accessor with string values!
2025-02-13 09:00:35,268 - WARNING - 列 net_profit_last_year 数值转换警告: Can only use .str accessor with string values!
2025-02-13 09:00:35,269 - WARNING - 列 net_profit_yoy_change 数值转换警告: Can only use .str accessor with string values!
2025-02-13 09:00:35,269 - WARNING - 列 net_profit_qoq_change 数值转换警告: Can only use .str accessor with string values!
2025-02-13 09:00:35,269 - WARNING - 列 bps 数值转换警告: Can only use .str accessor with string values!
2025-02-13 09:00:35,270 - WARNING - 列 roe 数值转换警告: Can only use .str accessor with string values!
2025-02-13 09:00:35,271 - ERROR - 处理 20100331 失败: "['market_type', 'security_type'] not in index"
2025-02-13 09:00:35,271 - INFO - 开始获取 20100631 的数据
2025-02-13 09:00:35,654 - ERROR - 处理 20100631 失败: 'NoneType' object is not subscriptable
2025-02-13 09:00:35,655 - INFO - 开始获取 20100931 的数据
2025-02-13 09:00:36,031 - ERROR - 处理 20100931 失败: 'NoneType' object is not subscriptable
2025-02-13 09:00:36,032 - INFO - 开始获取 20101231 的数据
2025-02-13 09:00:37,664 - WARNING - 列 eps 数值转换警告: Can only use .str accessor with string values!
2025-02-13 09:00:37,665 - WARNING - 列 revenue 数值转换警告: Can only use .str accessor with string values!
2025-02-13 09:00:37,665 - WARNING - 列 revenue_last_year 数值转换警告: Can only use .str accessor with string values!
2025-02-13 09:00:37,666 - WARNING - 列 revenue_yoy_change 数值转换警告: Can only use .str accessor with string values!
2025-02-13 09:00:37,666 - WARNING - 列 revenue_qoq_change 数值转换警告: Can only use .str accessor with string values!
2025-02-13 09:00:37,666 - WARNING - 列 net_profit 数值转换警告: Can only use .str accessor with string values!
2025-02-13 09:00:37,666 - WARNING - 列 net_profit_last_year 数值转换警告: Can only use .str accessor with string values!
2025-02-13 09:00:37,667 - WARNING - 列 net_profit_yoy_change 数值转换警告: Can only use .str accessor with string values!
2025-02-13 09:00:37,667 - WARNING - 列 net_profit_qoq_change 数值转换警告: Can only use .str accessor with string values!
2025-02-13 09:00:37,667 - WARNING - 列 bps 数值转换警告: Can only use .str accessor with string values!
2025-02-13 09:00:37,668 - WARNING - 列 roe 数值转换警告: Can only use .str accessor with string values!
2025-02-13 09:00:37,670 - ERROR - 处理 20101231 失败: "['market_type', 'security_type'] not in index"
2025-02-13 09:00:37,670 - INFO - 开始获取 20110331 的数据
2025-02-13 09:00:39,497 - WARNING - 列 eps 数值转换警告: Can only use .str accessor with string values!
2025-02-13 09:00:39,498 - WARNING - 列 revenue 数值转换警告: Can only use .str accessor with string values!
2025-02-13 09:00:39,498 - WARNING - 列 revenue_last_year 数值转换警告: Can only use .str accessor with string values!
2025-02-13 09:00:39,498 - WARNING - 列 revenue_yoy_change 数值转换警告: Can only use .str accessor with string values!
2025-02-13 09:00:39,499 - WARNING - 列 revenue_qoq_change 数值转换警告: Can only use .str accessor with string values!
2025-02-13 09:00:39,499 - WARNING - 列 net_profit 数值转换警告: Can only use .str accessor with string values!
2025-02-13 09:00:39,499 - WARNING - 列 net_profit_last_year 数值转换警告: Can only use .str accessor with string values!
2025-02-13 09:00:39,499 - WARNING - 列 net_profit_yoy_change 数值转换警告: Can only use .str accessor with string values!
2025-02-13 09:00:39,500 - WARNING - 列 net_profit_qoq_change 数值转换警告: Can only use .str accessor with string values!
2025-02-13 09:00:39,500 - WARNING - 列 bps 数值转换警告: Can only use .str accessor with string values!
2025-02-13 09:00:39,500 - WARNING - 列 roe 数值转换警告: Can only use .str accessor with string values!
2025-02-13 09:00:39,502 - ERROR - 处理 20110331 失败: "['market_type', 'security_type'] not in index"
2025-02-13 09:00:39,502 - INFO - 开始获取 20110631 的数据
2025-02-13 09:00:39,930 - ERROR - 处理 20110631 失败: 'NoneType' object is not subscriptable
2025-02-13 09:00:39,931 - INFO - 开始获取 20110931 的数据
2025-02-13 09:00:40,375 - ERROR - 处理 20110931 失败: 'NoneType' object is not subscriptable
2025-02-13 09:00:40,377 - INFO - 开始获取 20111231 的数据
2025-02-13 09:01:08,824 - INFO - 开始获取 20100331 的数据
2025-02-13 09:01:09,596 - WARNING - 列 eps 数值转换警告: Can only use .str accessor with string values!
2025-02-13 09:01:09,596 - WARNING - 列 revenue 数值转换警告: Can only use .str accessor with string values!
2025-02-13 09:01:09,597 - WARNING - 列 revenue_last_year 数值转换警告: Can only use .str accessor with string values!
2025-02-13 09:01:09,597 - WARNING - 列 revenue_yoy_change 数值转换警告: Can only use .str accessor with string values!
2025-02-13 09:01:09,597 - WARNING - 列 revenue_qoq_change 数值转换警告: Can only use .str accessor with string values!
2025-02-13 09:01:09,597 - WARNING - 列 net_profit 数值转换警告: Can only use .str accessor with string values!
2025-02-13 09:01:09,598 - WARNING - 列 net_profit_last_year 数值转换警告: Can only use .str accessor with string values!
2025-02-13 09:01:09,598 - WARNING - 列 net_profit_yoy_change 数值转换警告: Can only use .str accessor with string values!
2025-02-13 09:01:09,598 - WARNING - 列 net_profit_qoq_change 数值转换警告: Can only use .str accessor with string values!
2025-02-13 09:01:09,598 - WARNING - 列 bps 数值转换警告: Can only use .str accessor with string values!
2025-02-13 09:01:09,599 - WARNING - 列 roe 数值转换警告: Can only use .str accessor with string values!
2025-02-13 09:01:09,600 - ERROR - 处理 20100331 失败: "['market_type', 'security_type'] not in index"
2025-02-13 09:01:09,600 - INFO - 开始获取 20100631 的数据
2025-02-13 09:01:10,089 - ERROR - 处理 20100631 失败: 'NoneType' object is not subscriptable
2025-02-13 09:01:10,090 - INFO - 开始获取 20100931 的数据
2025-02-13 09:01:10,468 - ERROR - 处理 20100931 失败: 'NoneType' object is not subscriptable
2025-02-13 09:01:10,469 - INFO - 开始获取 20101231 的数据
2025-02-13 09:01:11,983 - WARNING - 列 eps 数值转换警告: Can only use .str accessor with string values!
2025-02-13 09:01:11,984 - WARNING - 列 revenue 数值转换警告: Can only use .str accessor with string values!
2025-02-13 09:01:11,984 - WARNING - 列 revenue_last_year 数值转换警告: Can only use .str accessor with string values!
2025-02-13 09:01:11,984 - WARNING - 列 revenue_yoy_change 数值转换警告: Can only use .str accessor with string values!
2025-02-13 09:01:11,985 - WARNING - 列 revenue_qoq_change 数值转换警告: Can only use .str accessor with string values!
2025-02-13 09:01:11,985 - WARNING - 列 net_profit 数值转换警告: Can only use .str accessor with string values!
2025-02-13 09:01:11,985 - WARNING - 列 net_profit_last_year 数值转换警告: Can only use .str accessor with string values!
2025-02-13 09:01:11,986 - WARNING - 列 net_profit_yoy_change 数值转换警告: Can only use .str accessor with string values!
2025-02-13 09:01:11,986 - WARNING - 列 net_profit_qoq_change 数值转换警告: Can only use .str accessor with string values!
2025-02-13 09:01:11,986 - WARNING - 列 bps 数值转换警告: Can only use .str accessor with string values!
2025-02-13 09:01:11,986 - WARNING - 列 roe 数值转换警告: Can only use .str accessor with string values!
2025-02-13 09:01:11,988 - ERROR - 处理 20101231 失败: "['market_type', 'security_type'] not in index"
2025-02-13 09:01:11,988 - INFO - 开始获取 20110331 的数据
2025-02-13 09:01:12,768 - WARNING - 列 eps 数值转换警告: Can only use .str accessor with string values!
2025-02-13 09:01:12,768 - WARNING - 列 revenue 数值转换警告: Can only use .str accessor with string values!
2025-02-13 09:01:12,769 - WARNING - 列 revenue_last_year 数值转换警告: Can only use .str accessor with string values!
2025-02-13 09:01:12,769 - WARNING - 列 revenue_yoy_change 数值转换警告: Can only use .str accessor with string values!
2025-02-13 09:01:12,770 - WARNING - 列 revenue_qoq_change 数值转换警告: Can only use .str accessor with string values!
2025-02-13 09:01:12,770 - WARNING - 列 net_profit 数值转换警告: Can only use .str accessor with string values!
2025-02-13 09:01:12,770 - WARNING - 列 net_profit_last_year 数值转换警告: Can only use .str accessor with string values!
2025-02-13 09:01:12,771 - WARNING - 列 net_profit_yoy_change 数值转换警告: Can only use .str accessor with string values!
2025-02-13 09:01:12,771 - WARNING - 列 net_profit_qoq_change 数值转换警告: Can only use .str accessor with string values!
2025-02-13 09:01:12,772 - WARNING - 列 bps 数值转换警告: Can only use .str accessor with string values!
2025-02-13 09:01:12,772 - WARNING - 列 roe 数值转换警告: Can only use .str accessor with string values!
2025-02-13 09:01:12,773 - ERROR - 处理 20110331 失败: "['market_type', 'security_type'] not in index"
2025-02-13 09:01:12,773 - INFO - 开始获取 20110631 的数据
2025-04-09 18:48:58,790 - INFO - 开始获取 20100331 的数据
2025-04-09 18:48:59,471 - WARNING - 列 eps 数值转换警告: Can only use .str accessor with string values!
2025-04-09 18:48:59,472 - WARNING - 列 revenue 数值转换警告: Can only use .str accessor with string values!
2025-04-09 18:48:59,472 - WARNING - 列 revenue_last_year 数值转换警告: Can only use .str accessor with string values!
2025-04-09 18:48:59,472 - WARNING - 列 revenue_yoy_change 数值转换警告: Can only use .str accessor with string values!
2025-04-09 18:48:59,473 - WARNING - 列 revenue_qoq_change 数值转换警告: Can only use .str accessor with string values!
2025-04-09 18:48:59,473 - WARNING - 列 net_profit 数值转换警告: Can only use .str accessor with string values!
2025-04-09 18:48:59,473 - WARNING - 列 net_profit_last_year 数值转换警告: Can only use .str accessor with string values!
2025-04-09 18:48:59,473 - WARNING - 列 net_profit_yoy_change 数值转换警告: Can only use .str accessor with string values!
2025-04-09 18:48:59,474 - WARNING - 列 net_profit_qoq_change 数值转换警告: Can only use .str accessor with string values!
2025-04-09 18:48:59,474 - WARNING - 列 bps 数值转换警告: Can only use .str accessor with string values!
2025-04-09 18:48:59,474 - WARNING - 列 roe 数值转换警告: Can only use .str accessor with string values!
2025-04-09 18:48:59,475 - ERROR - 处理 20100331 失败: "['market_type', 'security_type'] not in index"
2025-04-09 18:48:59,475 - INFO - 开始获取 20100631 的数据
2025-04-09 18:48:59,808 - ERROR - 处理 20100631 失败: 'NoneType' object is not subscriptable
2025-04-09 18:48:59,810 - INFO - 开始获取 20100931 的数据
2025-04-09 18:49:00,111 - ERROR - 处理 20100931 失败: 'NoneType' object is not subscriptable
2025-04-09 18:49:00,113 - INFO - 开始获取 20101231 的数据
2025-04-09 18:51:14,523 - INFO - 开始获取 20250331 的数据
2025-04-09 18:51:31,354 - WARNING - 列 eps 数值转换警告: Can only use .str accessor with string values!
2025-04-09 18:51:35,560 - WARNING - 列 revenue 数值转换警告: Can only use .str accessor with string values!
2025-04-09 18:51:35,561 - WARNING - 列 revenue_last_year 数值转换警告: Can only use .str accessor with string values!
2025-04-09 18:51:35,561 - WARNING - 列 revenue_yoy_change 数值转换警告: Can only use .str accessor with string values!
2025-04-09 18:51:35,562 - WARNING - 列 revenue_qoq_change 数值转换警告: Can only use .str accessor with string values!
2025-04-09 18:51:35,562 - WARNING - 列 net_profit 数值转换警告: Can only use .str accessor with string values!
2025-04-09 18:51:35,563 - WARNING - 列 net_profit_last_year 数值转换警告: Can only use .str accessor with string values!
2025-04-09 18:51:35,563 - WARNING - 列 net_profit_yoy_change 数值转换警告: Can only use .str accessor with string values!
2025-04-09 18:51:35,564 - WARNING - 列 net_profit_qoq_change 数值转换警告: Can only use .str accessor with string values!
2025-04-09 18:51:35,564 - WARNING - 列 bps 数值转换警告: Can only use .str accessor with string values!
2025-04-09 18:51:35,565 - WARNING - 列 roe 数值转换警告: Can only use .str accessor with string values!
2025-04-09 18:51:41,531 - ERROR - 处理 20250331 失败: "['market_type', 'security_type'] not in index"
2025-04-09 18:52:45,088 - INFO - 开始获取 20250331 的数据
2025-04-09 18:52:48,776 - WARNING - 列 eps 数值转换警告: Can only use .str accessor with string values!
2025-04-09 18:52:48,777 - WARNING - 列 revenue 数值转换警告: Can only use .str accessor with string values!
2025-04-09 18:52:48,777 - WARNING - 列 revenue_last_year 数值转换警告: Can only use .str accessor with string values!
2025-04-09 18:52:48,778 - WARNING - 列 revenue_yoy_change 数值转换警告: Can only use .str accessor with string values!
2025-04-09 18:52:48,778 - WARNING - 列 revenue_qoq_change 数值转换警告: Can only use .str accessor with string values!
2025-04-09 18:52:48,779 - WARNING - 列 net_profit 数值转换警告: Can only use .str accessor with string values!
2025-04-09 18:52:48,779 - WARNING - 列 net_profit_last_year 数值转换警告: Can only use .str accessor with string values!
2025-04-09 18:52:48,779 - WARNING - 列 net_profit_yoy_change 数值转换警告: Can only use .str accessor with string values!
2025-04-09 18:52:48,780 - WARNING - 列 net_profit_qoq_change 数值转换警告: Can only use .str accessor with string values!
2025-04-09 18:52:48,780 - WARNING - 列 bps 数值转换警告: Can only use .str accessor with string values!
2025-04-09 18:52:48,781 - WARNING - 列 roe 数值转换警告: Can only use .str accessor with string values!
2025-04-09 18:54:41,040 - INFO - 开始获取 20250331 的数据
2025-04-09 18:54:43,366 - WARNING - 列 eps 数值转换警告: Can only use .str accessor with string values!
2025-04-09 18:54:43,367 - WARNING - 列 revenue 数值转换警告: Can only use .str accessor with string values!
2025-04-09 18:54:43,367 - WARNING - 列 revenue_last_year 数值转换警告: Can only use .str accessor with string values!
2025-04-09 18:54:43,368 - WARNING - 列 revenue_yoy_change 数值转换警告: Can only use .str accessor with string values!
2025-04-09 18:54:43,368 - WARNING - 列 revenue_qoq_change 数值转换警告: Can only use .str accessor with string values!
2025-04-09 18:54:43,368 - WARNING - 列 net_profit 数值转换警告: Can only use .str accessor with string values!
2025-04-09 18:54:43,368 - WARNING - 列 net_profit_last_year 数值转换警告: Can only use .str accessor with string values!
2025-04-09 18:54:43,369 - WARNING - 列 net_profit_yoy_change 数值转换警告: Can only use .str accessor with string values!
2025-04-09 18:54:43,369 - WARNING - 列 net_profit_qoq_change 数值转换警告: Can only use .str accessor with string values!
2025-04-09 18:54:43,369 - WARNING - 列 bps 数值转换警告: Can only use .str accessor with string values!
2025-04-09 18:54:43,369 - WARNING - 列 roe 数值转换警告: Can only use .str accessor with string values!
2025-04-09 18:55:24,540 - INFO - 成功保存 5 条记录
2025-04-11 13:56:30,411 - INFO - 开始获取 20250331 的数据
2025-04-11 13:56:30,548 - WARNING - 列 eps 数值转换警告: Can only use .str accessor with string values!
2025-04-11 13:56:30,548 - WARNING - 列 revenue 数值转换警告: Can only use .str accessor with string values!
2025-04-11 13:56:30,549 - WARNING - 列 revenue_last_year 数值转换警告: Can only use .str accessor with string values!
2025-04-11 13:56:30,549 - WARNING - 列 revenue_yoy_change 数值转换警告: Can only use .str accessor with string values!
2025-04-11 13:56:30,549 - WARNING - 列 revenue_qoq_change 数值转换警告: Can only use .str accessor with string values!
2025-04-11 13:56:30,549 - WARNING - 列 net_profit 数值转换警告: Can only use .str accessor with string values!
2025-04-11 13:56:30,550 - WARNING - 列 net_profit_last_year 数值转换警告: Can only use .str accessor with string values!
2025-04-11 13:56:30,550 - WARNING - 列 net_profit_yoy_change 数值转换警告: Can only use .str accessor with string values!
2025-04-11 13:56:30,550 - WARNING - 列 net_profit_qoq_change 数值转换警告: Can only use .str accessor with string values!
2025-04-11 13:56:30,550 - WARNING - 列 bps 数值转换警告: Can only use .str accessor with string values!
2025-04-11 13:56:30,551 - WARNING - 列 roe 数值转换警告: Can only use .str accessor with string values!
2025-04-11 13:56:30,587 - INFO - 成功保存 8 条记录
2025-04-11 13:56:30,587 - INFO - 完成 20250331 的数据获取和保存
2025-04-11 20:09:41,631 - INFO - 开始获取 20240331 的数据
2025-04-11 20:09:41,991 - WARNING - 列 eps 数值转换警告: Can only use .str accessor with string values!
2025-04-11 20:09:41,991 - WARNING - 列 revenue 数值转换警告: Can only use .str accessor with string values!
2025-04-11 20:09:41,992 - WARNING - 列 revenue_last_year 数值转换警告: Can only use .str accessor with string values!
2025-04-11 20:09:41,992 - WARNING - 列 revenue_yoy_change 数值转换警告: Can only use .str accessor with string values!
2025-04-11 20:09:41,993 - WARNING - 列 revenue_qoq_change 数值转换警告: Can only use .str accessor with string values!
2025-04-11 20:09:41,993 - WARNING - 列 net_profit 数值转换警告: Can only use .str accessor with string values!
2025-04-11 20:09:41,993 - WARNING - 列 net_profit_last_year 数值转换警告: Can only use .str accessor with string values!
2025-04-11 20:09:41,994 - WARNING - 列 net_profit_yoy_change 数值转换警告: Can only use .str accessor with string values!
2025-04-11 20:09:41,994 - WARNING - 列 net_profit_qoq_change 数值转换警告: Can only use .str accessor with string values!
2025-04-11 20:09:41,994 - WARNING - 列 bps 数值转换警告: Can only use .str accessor with string values!
2025-04-11 20:09:41,994 - WARNING - 列 roe 数值转换警告: Can only use .str accessor with string values!
2025-04-11 20:09:42,029 - INFO - 成功保存 54 条记录
2025-04-11 20:09:42,030 - INFO - 完成 20240331 的数据获取和保存
2025-04-11 20:09:43,031 - INFO - 开始获取 20240631 的数据
2025-04-11 20:09:43,106 - ERROR - 处理 20240631 失败: 'NoneType' object is not subscriptable
2025-04-11 20:09:43,107 - INFO - 开始获取 20240931 的数据
2025-04-11 20:09:43,186 - ERROR - 处理 20240931 失败: 'NoneType' object is not subscriptable
2025-04-11 20:09:43,187 - INFO - 开始获取 20241231 的数据
2025-04-11 20:09:43,728 - WARNING - 列 eps 数值转换警告: Can only use .str accessor with string values!
2025-04-11 20:09:43,729 - WARNING - 列 revenue 数值转换警告: Can only use .str accessor with string values!
2025-04-11 20:09:43,729 - WARNING - 列 revenue_last_year 数值转换警告: Can only use .str accessor with string values!
2025-04-11 20:09:43,729 - WARNING - 列 revenue_yoy_change 数值转换警告: Can only use .str accessor with string values!
2025-04-11 20:09:43,730 - WARNING - 列 revenue_qoq_change 数值转换警告: Can only use .str accessor with string values!
2025-04-11 20:09:43,730 - WARNING - 列 net_profit 数值转换警告: Can only use .str accessor with string values!
2025-04-11 20:09:43,730 - WARNING - 列 net_profit_last_year 数值转换警告: Can only use .str accessor with string values!
2025-04-11 20:09:43,731 - WARNING - 列 net_profit_yoy_change 数值转换警告: Can only use .str accessor with string values!
2025-04-11 20:09:43,731 - WARNING - 列 net_profit_qoq_change 数值转换警告: Can only use .str accessor with string values!
2025-04-11 20:09:43,731 - WARNING - 列 bps 数值转换警告: Can only use .str accessor with string values!
2025-04-11 20:09:43,732 - WARNING - 列 roe 数值转换警告: Can only use .str accessor with string values!
2025-04-11 20:09:43,827 - INFO - 成功保存 866 条记录
2025-04-11 20:09:43,828 - INFO - 完成 20241231 的数据获取和保存
2025-04-11 20:09:44,829 - INFO - 开始获取 20250331 的数据
2025-04-11 20:09:45,018 - WARNING - 列 eps 数值转换警告: Can only use .str accessor with string values!
2025-04-11 20:09:45,018 - WARNING - 列 revenue 数值转换警告: Can only use .str accessor with string values!
2025-04-11 20:09:45,018 - WARNING - 列 revenue_last_year 数值转换警告: Can only use .str accessor with string values!
2025-04-11 20:09:45,019 - WARNING - 列 revenue_yoy_change 数值转换警告: Can only use .str accessor with string values!
2025-04-11 20:09:45,019 - WARNING - 列 revenue_qoq_change 数值转换警告: Can only use .str accessor with string values!
2025-04-11 20:09:45,019 - WARNING - 列 net_profit 数值转换警告: Can only use .str accessor with string values!
2025-04-11 20:09:45,020 - WARNING - 列 net_profit_last_year 数值转换警告: Can only use .str accessor with string values!
2025-04-11 20:09:45,020 - WARNING - 列 net_profit_yoy_change 数值转换警告: Can only use .str accessor with string values!
2025-04-11 20:09:45,020 - WARNING - 列 net_profit_qoq_change 数值转换警告: Can only use .str accessor with string values!
2025-04-11 20:09:45,020 - WARNING - 列 bps 数值转换警告: Can only use .str accessor with string values!
2025-04-11 20:09:45,021 - WARNING - 列 roe 数值转换警告: Can only use .str accessor with string values!
2025-04-11 20:09:45,061 - INFO - 成功保存 8 条记录
2025-04-11 20:09:45,062 - INFO - 完成 20250331 的数据获取和保存
